action: py, msg: installpkg
cwd: /Users/abhishek/opensrc/araalinetworks/api/python/api
cmd: /Users/abhishek/opensrc/araalinetworks/api/python/api/.tox/py/bin/python -m pip install --no-deps -U .tox/.tmp/package/1/araali-0.0.18.tar.gz
Processing ./.tox/.tmp/package/1/araali-0.0.18.tar.gz
  Installing build dependencies: started
  Installing build dependencies: finished with status 'done'
  Getting requirements to build wheel: started
  Getting requirements to build wheel: finished with status 'done'
  Preparing metadata (pyproject.toml): started
  Preparing metadata (pyproject.toml): finished with status 'done'
Building wheels for collected packages: araali
  Building wheel for araali (pyproject.toml): started
  Building wheel for araali (pyproject.toml): finished with status 'done'
  Created wheel for araali: filename=araali-0.0.18-py3-none-any.whl size=9720206 sha256=f8789c4bc5bbbae1d27d4519d988dbdaac7d03320f469dfc447e5f26311483ad
  Stored in directory: /Users/abhishek/Library/Caches/pip/wheels/95/70/c4/f7d67dff0f6a895ad37777b6f5a217b4c55e4075bee69c0cb4
Successfully built araali
Installing collected packages: araali
  Attempting uninstall: araali
    Found existing installation: araali 0.0.18
    Uninstalling araali-0.0.18:
      Successfully uninstalled araali-0.0.18
Successfully installed araali-0.0.18

[notice] A new release of pip available: 22.2 -> 22.2.1
[notice] To update, run: pip install --upgrade pip
