action: py, msg: installpkg
cwd: /Users/abhishek/opensrc/araalinetworks/api/python/api
cmd: /Users/abhishek/opensrc/araalinetworks/api/python/api/.tox/py/bin/python -m pip install --exists-action w .tox/.tmp/package/1/araali-0.0.17.tar.gz
Processing ./.tox/.tmp/package/1/araali-0.0.17.tar.gz
  Installing build dependencies: started
  Installing build dependencies: finished with status 'done'
  Getting requirements to build wheel: started
  Getting requirements to build wheel: finished with status 'done'
  Preparing metadata (pyproject.toml): started
  Preparing metadata (pyproject.toml): finished with status 'done'
Collecting pyyaml
  Using cached PyYAML-6.0-cp39-cp39-macosx_10_9_x86_64.whl (197 kB)
Collecting protobuf
  Using cached protobuf-4.21.4-cp37-abi3-macosx_10_9_universal2.whl (484 kB)
Collecting grpcio
  Using cached grpcio-1.47.0-cp39-cp39-macosx_10_10_x86_64.whl (4.4 MB)
Collecting python-dateutil
  Using cached python_dateutil-2.8.2-py2.py3-none-any.whl (247 kB)
Collecting six>=1.5.2
  Using cached six-1.16.0-py2.py3-none-any.whl (11 kB)
Building wheels for collected packages: araali
  Building wheel for araali (pyproject.toml): started
  Building wheel for araali (pyproject.toml): finished with status 'done'
  Created wheel for araali: filename=araali-0.0.17-py3-none-any.whl size=77732706 sha256=e27d27e83b875fea0e593886d39cfc519a4cd4d6ce522ead62cfaac26f0a5743
  Stored in directory: /Users/abhishek/Library/Caches/pip/wheels/9c/2a/ef/45088f24cf479898fc619b4ac2e23535fd5fdfa187fc321b91
Successfully built araali
Installing collected packages: six, pyyaml, protobuf, python-dateutil, grpcio, araali
Successfully installed araali-0.0.17 grpcio-1.47.0 protobuf-4.21.4 python-dateutil-2.8.2 pyyaml-6.0 six-1.16.0

[notice] A new release of pip available: 22.2 -> 22.2.1
[notice] To update, run: pip install --upgrade pip
