action: py, msg: installpkg
cwd: /Users/abhishek/opensrc/araalinetworks/api/python/api
cmd: /Users/abhishek/opensrc/araalinetworks/api/python/api/.tox/py/bin/python -m pip install --no-deps -U .tox/.tmp/package/1/araali-0.0.19.tar.gz
Processing ./.tox/.tmp/package/1/araali-0.0.19.tar.gz
  Installing build dependencies: started
  Installing build dependencies: finished with status 'done'
  Getting requirements to build wheel: started
  Getting requirements to build wheel: finished with status 'done'
  Preparing metadata (pyproject.toml): started
  Preparing metadata (pyproject.toml): finished with status 'done'
Building wheels for collected packages: araali
  Building wheel for araali (pyproject.toml): started
  Building wheel for araali (pyproject.toml): finished with status 'done'
  Created wheel for araali: filename=araali-0.0.19-py3-none-any.whl size=44211882 sha256=eae09cc4c6bf83eb1c07400d2ce3598ef42f9b82cfa488e6b2a7e56d69f6319b
  Stored in directory: /Users/abhishek/Library/Caches/pip/wheels/8f/48/47/3ef32e46fef358e9f01dee9375e2edcaf34401547bb7a18208
Successfully built araali
Installing collected packages: araali
  Attempting uninstall: araali
    Found existing installation: araali 0.0.18
    Uninstalling araali-0.0.18:
      Successfully uninstalled araali-0.0.18
Successfully installed araali-0.0.19

[notice] A new release of pip available: 22.2 -> 22.2.1
[notice] To update, run: pip install --upgrade pip
