action: py, msg: installpkg
cwd: /Users/abhishek/opensrc/araalinetworks/api/python/api
cmd: /Users/abhishek/opensrc/araalinetworks/api/python/api/.tox/py/bin/python -m pip install --no-deps -U .tox/.tmp/package/1/araali-0.0.20.tar.gz
Processing ./.tox/.tmp/package/1/araali-0.0.20.tar.gz
  Installing build dependencies: started
  Installing build dependencies: finished with status 'done'
  Getting requirements to build wheel: started
  Getting requirements to build wheel: finished with status 'done'
  Preparing metadata (pyproject.toml): started
  Preparing metadata (pyproject.toml): finished with status 'done'
Building wheels for collected packages: araali
  Building wheel for araali (pyproject.toml): started
  Building wheel for araali (pyproject.toml): finished with status 'done'
  Created wheel for araali: filename=araali-0.0.20-py3-none-any.whl size=44211888 sha256=15a0704644a7f33272c413d6ecb42b29bcfe62db935fe97f3f2901c942aaff4d
  Stored in directory: /Users/abhishek/Library/Caches/pip/wheels/da/25/40/0385302b4589edfa8fd12b3e96645a6def87cd4432fd75dd3d
Successfully built araali
Installing collected packages: araali
  Attempting uninstall: araali
    Found existing installation: araali 0.0.19
    Uninstalling araali-0.0.19:
      Successfully uninstalled araali-0.0.19
Successfully installed araali-0.0.20

[notice] A new release of pip available: 22.2 -> 22.2.1
[notice] To update, run: pip install --upgrade pip
