action: py, msg: installpkg
cwd: /Users/abhishek/opensrc/araalinetworks/api/python/api
cmd: /Users/abhishek/opensrc/araalinetworks/api/python/api/.tox/py/bin/python -m pip install --no-deps -U .tox/.tmp/package/1/araali-0.0.17.tar.gz
Processing ./.tox/.tmp/package/1/araali-0.0.17.tar.gz
  Installing build dependencies: started
  Installing build dependencies: finished with status 'done'
  Getting requirements to build wheel: started
  Getting requirements to build wheel: finished with status 'done'
  Preparing metadata (pyproject.toml): started
  Preparing metadata (pyproject.toml): finished with status 'done'
Building wheels for collected packages: araali
  Building wheel for araali (pyproject.toml): started
  Building wheel for araali (pyproject.toml): finished with status 'done'
  Created wheel for araali: filename=araali-0.0.17-py3-none-any.whl size=77732413 sha256=5433a6dc9c3bfea8d2b1e417f515872d939dcc85714691752d712a50a3bc0a25
  Stored in directory: /Users/abhishek/Library/Caches/pip/wheels/9c/2a/ef/45088f24cf479898fc619b4ac2e23535fd5fdfa187fc321b91
Successfully built araali
Installing collected packages: araali
  Attempting uninstall: araali
    Found existing installation: araali 0.0.17
    Uninstalling araali-0.0.17:
      Successfully uninstalled araali-0.0.17
Successfully installed araali-0.0.17

[notice] A new release of pip available: 22.2 -> 22.2.1
[notice] To update, run: pip install --upgrade pip
